{"name": "test_div[float_fail]", "status": "failed", "statusDetails": {"message": "AssertionError: assert 20.0 == -2.0\n +  where 20.0 = round(20.0, 2)", "trace": "self = <testing.test_calc.TestCalc object at 0x00000280BDBCDEB0>\ncal = <pythoncode.calculator.Calculator object at 0x00000280BDB369D0>, a = -2, b = -0.1, expect = -2.0\n\n    @pytest.mark.run(order=4)\n    @pytest.mark.parametrize('a,b,expect', get_Div_Datas()[0], ids=get_Div_Datas()[1])\n    def test_div(self, cal, a, b, expect):\n        if b == 0:\n            with pytest.raises(ZeroDivisionError):\n                result = cal.div(a, b)\n                print(result)\n        else:\n            result = cal.div(a, b)\n>           assert round(result, 2) == expect\nE           assert 20.0 == -2.0\nE            +  where 20.0 = round(20.0, 2)\n\ntest_calc.py:57: AssertionError"}, "attachments": [{"name": "stdout", "source": "eda65a1a-956d-4d61-8178-03ff62cdc16c-attachment.txt", "type": "text/plain"}], "parameters": [{"name": "a", "value": "-2"}, {"name": "b", "value": "-0.1"}, {"name": "expect", "value": "-2.0"}], "start": 1603069343372, "stop": 1603069343372, "uuid": "52e68b1b-7dd4-4f26-802f-0f04cbce9125", "historyId": "96e7e2ea5d3d543c4fa6f317196e2ee8", "testCaseId": "4a57f615ae930c12d705a9fc7a66b88d", "fullName": "test_calc.TestCalc#test_div", "labels": [{"name": "tag", "value": "run(order=4)"}, {"name": "suite", "value": "test_calc"}, {"name": "subSuite", "value": "TestCalc"}, {"name": "host", "value": "MS-NNZIEJQMVEHP"}, {"name": "thread", "value": "5200-MainThread"}, {"name": "framework", "value": "pytest"}, {"name": "language", "value": "cpython3"}, {"name": "package", "value": "test_calc"}]}