{
  "uid" : "b739635de64b7a34",
  "name" : "test_sub[int_fail]",
  "fullName" : "test_calc.TestCalc#test_sub",
  "historyId" : "b3689e0e166893ba203256a26139d784",
  "time" : {
    "start" : 1603069343260,
    "stop" : 1603069343261,
    "duration" : 1
  },
  "status" : "failed",
  "statusMessage" : "AssertionError: assert -2 == 2\n +  where -2 = round(-2, 2)",
  "statusTrace" : "self = <testing.test_calc.TestCalc object at 0x00000280BDB9FCD0>\ncal = <pythoncode.calculator.Calculator object at 0x00000280BDB369D0>, a = 0, b = 2, expect = 2\n\n    @pytest.mark.run(order=2)\n    @pytest.mark.parametrize('a,b,expect',get_Sub_Datas()[0],ids=get_Sub_Datas()[1])\n    def test_sub(self,cal,a,b,expect):\n        result = cal.sub(a, b)\n>       assert round(result,2) == expect\nE       assert -2 == 2\nE        +  where -2 = round(-2, 2)\n\ntest_calc.py:63: AssertionError",
  "flaky" : false,
  "newFailed" : false,
  "beforeStages" : [ {
    "name" : "cal",
    "time" : {
      "start" : 1603069343036,
      "stop" : 1603069343036,
      "duration" : 0
    },
    "status" : "passed",
    "steps" : [ ],
    "attachments" : [ ],
    "parameters" : [ ],
    "shouldDisplayMessage" : false,
    "attachmentsCount" : 0,
    "stepsCount" : 0,
    "hasContent" : false
  } ],
  "testStage" : {
    "status" : "failed",
    "statusMessage" : "AssertionError: assert -2 == 2\n +  where -2 = round(-2, 2)",
    "statusTrace" : "self = <testing.test_calc.TestCalc object at 0x00000280BDB9FCD0>\ncal = <pythoncode.calculator.Calculator object at 0x00000280BDB369D0>, a = 0, b = 2, expect = 2\n\n    @pytest.mark.run(order=2)\n    @pytest.mark.parametrize('a,b,expect',get_Sub_Datas()[0],ids=get_Sub_Datas()[1])\n    def test_sub(self,cal,a,b,expect):\n        result = cal.sub(a, b)\n>       assert round(result,2) == expect\nE       assert -2 == 2\nE        +  where -2 = round(-2, 2)\n\ntest_calc.py:63: AssertionError",
    "steps" : [ ],
    "attachments" : [ {
      "uid" : "ad11d0ad38d95b69",
      "name" : "stdout",
      "source" : "ad11d0ad38d95b69.txt",
      "type" : "text/plain",
      "size" : 3
    } ],
    "parameters" : [ ],
    "shouldDisplayMessage" : true,
    "attachmentsCount" : 1,
    "stepsCount" : 0,
    "hasContent" : true
  },
  "afterStages" : [ {
    "name" : "cal::0",
    "time" : {
      "start" : 1603069343397,
      "stop" : 1603069343397,
      "duration" : 0
    },
    "status" : "passed",
    "steps" : [ ],
    "attachments" : [ ],
    "parameters" : [ ],
    "shouldDisplayMessage" : false,
    "attachmentsCount" : 0,
    "stepsCount" : 0,
    "hasContent" : false
  } ],
  "labels" : [ {
    "name" : "tag",
    "value" : "run(order=2)"
  }, {
    "name" : "suite",
    "value" : "test_calc"
  }, {
    "name" : "subSuite",
    "value" : "TestCalc"
  }, {
    "name" : "host",
    "value" : "MS-NNZIEJQMVEHP"
  }, {
    "name" : "thread",
    "value" : "5200-MainThread"
  }, {
    "name" : "framework",
    "value" : "pytest"
  }, {
    "name" : "language",
    "value" : "cpython3"
  }, {
    "name" : "package",
    "value" : "test_calc"
  }, {
    "name" : "resultFormat",
    "value" : "allure2"
  } ],
  "parameters" : [ {
    "name" : "a",
    "value" : "0"
  }, {
    "name" : "b",
    "value" : "2"
  }, {
    "name" : "expect",
    "value" : "2"
  } ],
  "links" : [ ],
  "hidden" : false,
  "retry" : false,
  "extra" : {
    "severity" : "normal",
    "retries" : [ ],
    "categories" : [ {
      "name" : "Product defects",
      "matchedStatuses" : [ ],
      "flaky" : false
    } ],
    "tags" : [ "run(order=2)" ]
  },
  "source" : "b739635de64b7a34.json",
  "parameterValues" : [ "0", "2", "2" ]
}